Analysis & Synthesis report for MoraGras_VillenaJimenez_FSD_E2E3
Mon Dec 13 19:45:54 2021
Quartus Prime Version 17.1.1 Internal Build 593 12/11/2017 SJ Standard Edition


---------------------
; Table of Contents ;
---------------------
  1. Legal Notice
  2. Analysis & Synthesis Summary
  3. Analysis & Synthesis Settings
  4. Parallel Compilation
  5. Analysis & Synthesis Source Files Read
  6. Analysis & Synthesis Resource Usage Summary
  7. Analysis & Synthesis Resource Utilization by Entity
  8. General Register Statistics
  9. Multiplexer Restructuring Statistics (Restructuring Performed)
 10. Parameter Settings for User Entity Instance: sem_clocks:CONTADOR|binary_counter_tc:DIVISOR
 11. Parameter Settings for User Entity Instance: sem_clocks:CONTADOR|binary_counter_tc:SEMAFOROS
 12. Port Connectivity Checks: "sem_clocks:CONTADOR|binary_counter_tc:DIVISOR"
 13. Post-Synthesis Netlist Statistics for Top Partition
 14. Elapsed Time Per Partition
 15. Analysis & Synthesis Messages



----------------
; Legal Notice ;
----------------
Copyright (C) 2017  Intel Corporation. All rights reserved.
Your use of Intel Corporation's design tools, logic functions 
and other software and tools, and its AMPP partner logic 
functions, and any output files from any of the foregoing 
(including device programming or simulation files), and any 
associated documentation or information are expressly subject 
to the terms and conditions of the Intel Program License 
Subscription Agreement, the Intel Quartus Prime License Agreement,
the Intel FPGA IP License Agreement, or other applicable license
agreement, including, without limitation, that your use is for
the sole purpose of programming logic devices manufactured by
Intel and sold by Intel or its authorized distributors.  Please
refer to the applicable agreement for further details.



+-----------------------------------------------------------------------------------------------+
; Analysis & Synthesis Summary                                                                  ;
+------------------------------------+----------------------------------------------------------+
; Analysis & Synthesis Status        ; Successful - Mon Dec 13 19:45:54 2021                    ;
; Quartus Prime Version              ; 17.1.1 Internal Build 593 12/11/2017 SJ Standard Edition ;
; Revision Name                      ; MoraGras_VillenaJimenez_FSD_E2E3                         ;
; Top-level Entity Name              ; sem_compara                                              ;
; Family                             ; Cyclone IV E                                             ;
; Total logic elements               ; 52                                                       ;
;     Total combinational functions  ; 52                                                       ;
;     Dedicated logic registers      ; 34                                                       ;
; Total registers                    ; 34                                                       ;
; Total pins                         ; 14                                                       ;
; Total virtual pins                 ; 0                                                        ;
; Total memory bits                  ; 0                                                        ;
; Embedded Multiplier 9-bit elements ; 0                                                        ;
; Total PLLs                         ; 0                                                        ;
+------------------------------------+----------------------------------------------------------+


+------------------------------------------------------------------------------------------------------------------------------------+
; Analysis & Synthesis Settings                                                                                                      ;
+----------------------------------------------------------------------------+--------------------+----------------------------------+
; Option                                                                     ; Setting            ; Default Value                    ;
+----------------------------------------------------------------------------+--------------------+----------------------------------+
; Device                                                                     ; EP4CE115F29C7      ;                                  ;
; Top-level entity name                                                      ; sem_compara        ; MoraGras_VillenaJimenez_FSD_E2E3 ;
; Family name                                                                ; Cyclone IV E       ; Cyclone V                        ;
; Use smart compilation                                                      ; Off                ; Off                              ;
; Enable parallel Assembler and TimeQuest Timing Analyzer during compilation ; On                 ; On                               ;
; Enable compact report table                                                ; Off                ; Off                              ;
; Restructure Multiplexers                                                   ; Auto               ; Auto                             ;
; Create Debugging Nodes for IP Cores                                        ; Off                ; Off                              ;
; Preserve fewer node names                                                  ; On                 ; On                               ;
; Intel FPGA IP Evaluation Mode                                              ; Enable             ; Enable                           ;
; Verilog Version                                                            ; Verilog_2001       ; Verilog_2001                     ;
; VHDL Version                                                               ; VHDL_1993          ; VHDL_1993                        ;
; State Machine Processing                                                   ; Auto               ; Auto                             ;
; Safe State Machine                                                         ; Off                ; Off                              ;
; Extract Verilog State Machines                                             ; On                 ; On                               ;
; Extract VHDL State Machines                                                ; On                 ; On                               ;
; Ignore Verilog initial constructs                                          ; Off                ; Off                              ;
; Iteration limit for constant Verilog loops                                 ; 5000               ; 5000                             ;
; Iteration limit for non-constant Verilog loops                             ; 250                ; 250                              ;
; Add Pass-Through Logic to Inferred RAMs                                    ; On                 ; On                               ;
; Infer RAMs from Raw Logic                                                  ; On                 ; On                               ;
; Parallel Synthesis                                                         ; On                 ; On                               ;
; DSP Block Balancing                                                        ; Auto               ; Auto                             ;
; NOT Gate Push-Back                                                         ; On                 ; On                               ;
; Power-Up Don't Care                                                        ; On                 ; On                               ;
; Remove Redundant Logic Cells                                               ; Off                ; Off                              ;
; Remove Duplicate Registers                                                 ; On                 ; On                               ;
; Ignore CARRY Buffers                                                       ; Off                ; Off                              ;
; Ignore CASCADE Buffers                                                     ; Off                ; Off                              ;
; Ignore GLOBAL Buffers                                                      ; Off                ; Off                              ;
; Ignore ROW GLOBAL Buffers                                                  ; Off                ; Off                              ;
; Ignore LCELL Buffers                                                       ; Off                ; Off                              ;
; Ignore SOFT Buffers                                                        ; On                 ; On                               ;
; Limit AHDL Integers to 32 Bits                                             ; Off                ; Off                              ;
; Optimization Technique                                                     ; Balanced           ; Balanced                         ;
; Carry Chain Length                                                         ; 70                 ; 70                               ;
; Auto Carry Chains                                                          ; On                 ; On                               ;
; Auto Open-Drain Pins                                                       ; On                 ; On                               ;
; Perform WYSIWYG Primitive Resynthesis                                      ; Off                ; Off                              ;
; Auto ROM Replacement                                                       ; On                 ; On                               ;
; Auto RAM Replacement                                                       ; On                 ; On                               ;
; Auto DSP Block Replacement                                                 ; On                 ; On                               ;
; Auto Shift Register Replacement                                            ; Auto               ; Auto                             ;
; Allow Shift Register Merging across Hierarchies                            ; Auto               ; Auto                             ;
; Auto Clock Enable Replacement                                              ; On                 ; On                               ;
; Strict RAM Replacement                                                     ; Off                ; Off                              ;
; Allow Synchronous Control Signals                                          ; On                 ; On                               ;
; Force Use of Synchronous Clear Signals                                     ; Off                ; Off                              ;
; Auto RAM Block Balancing                                                   ; On                 ; On                               ;
; Auto RAM to Logic Cell Conversion                                          ; Off                ; Off                              ;
; Auto Resource Sharing                                                      ; Off                ; Off                              ;
; Allow Any RAM Size For Recognition                                         ; Off                ; Off                              ;
; Allow Any ROM Size For Recognition                                         ; Off                ; Off                              ;
; Allow Any Shift Register Size For Recognition                              ; Off                ; Off                              ;
; Use LogicLock Constraints during Resource Balancing                        ; On                 ; On                               ;
; Ignore translate_off and synthesis_off directives                          ; Off                ; Off                              ;
; Timing-Driven Synthesis                                                    ; On                 ; On                               ;
; Report Parameter Settings                                                  ; On                 ; On                               ;
; Report Source Assignments                                                  ; On                 ; On                               ;
; Report Connectivity Checks                                                 ; On                 ; On                               ;
; Ignore Maximum Fan-Out Assignments                                         ; Off                ; Off                              ;
; Synchronization Register Chain Length                                      ; 2                  ; 2                                ;
; Power Optimization During Synthesis                                        ; Normal compilation ; Normal compilation               ;
; HDL message level                                                          ; Level2             ; Level2                           ;
; Suppress Register Optimization Related Messages                            ; Off                ; Off                              ;
; Number of Removed Registers Reported in Synthesis Report                   ; 5000               ; 5000                             ;
; Number of Swept Nodes Reported in Synthesis Report                         ; 5000               ; 5000                             ;
; Number of Inverted Registers Reported in Synthesis Report                  ; 100                ; 100                              ;
; Clock MUX Protection                                                       ; On                 ; On                               ;
; Auto Gated Clock Conversion                                                ; Off                ; Off                              ;
; Block Design Naming                                                        ; Auto               ; Auto                             ;
; SDC constraint protection                                                  ; Off                ; Off                              ;
; Synthesis Effort                                                           ; Auto               ; Auto                             ;
; Shift Register Replacement - Allow Asynchronous Clear Signal               ; On                 ; On                               ;
; Pre-Mapping Resynthesis Optimization                                       ; Off                ; Off                              ;
; Analysis & Synthesis Message Level                                         ; Medium             ; Medium                           ;
; Disable Register Merging Across Hierarchies                                ; Auto               ; Auto                             ;
; Resource Aware Inference For Block RAM                                     ; On                 ; On                               ;
+----------------------------------------------------------------------------+--------------------+----------------------------------+


+------------------------------------------+
; Parallel Compilation                     ;
+----------------------------+-------------+
; Processors                 ; Number      ;
+----------------------------+-------------+
; Number detected on machine ; 12          ;
; Maximum allowed            ; 6           ;
;                            ;             ;
; Average used               ; 1.00        ;
; Maximum used               ; 6           ;
;                            ;             ;
; Usage by Processor         ; % Time Used ;
;     Processor 1            ; 100.0%      ;
;     Processors 2-6         ;   0.0%      ;
+----------------------------+-------------+


+-------------------------------------------------------------------------------------------------------------------------------------------------------------------------+
; Analysis & Synthesis Source Files Read                                                                                                                                  ;
+----------------------------------+-----------------+------------------------+---------------------------------------------------------------------------------+---------+
; File Name with User-Entered Path ; Used in Netlist ; File Type              ; File Name with Absolute Path                                                    ; Library ;
+----------------------------------+-----------------+------------------------+---------------------------------------------------------------------------------+---------+
; sem_clocks.v                     ; yes             ; User Verilog HDL File  ; C:/Users/amorgra/OneDrive - UPV/2-A/FSD/Entregables/FSD_E23/sem_clocks.v        ;         ;
; binary_counter_tc.v              ; yes             ; User Verilog HDL File  ; C:/Users/amorgra/OneDrive - UPV/2-A/FSD/Entregables/FSD_E23/binary_counter_tc.v ;         ;
; sem_compara.v                    ; yes             ; User Verilog HDL File  ; C:/Users/amorgra/OneDrive - UPV/2-A/FSD/Entregables/FSD_E23/sem_compara.v       ;         ;
+----------------------------------+-----------------+------------------------+---------------------------------------------------------------------------------+---------+


+---------------------------------------------------------+
; Analysis & Synthesis Resource Usage Summary             ;
+---------------------------------------------+-----------+
; Resource                                    ; Usage     ;
+---------------------------------------------+-----------+
; Estimated Total logic elements              ; 52        ;
;                                             ;           ;
; Total combinational functions               ; 52        ;
; Logic element usage by number of LUT inputs ;           ;
;     -- 4 input functions                    ; 14        ;
;     -- 3 input functions                    ; 5         ;
;     -- <=2 input functions                  ; 33        ;
;                                             ;           ;
; Logic elements by mode                      ;           ;
;     -- normal mode                          ; 24        ;
;     -- arithmetic mode                      ; 28        ;
;                                             ;           ;
; Total registers                             ; 34        ;
;     -- Dedicated logic registers            ; 34        ;
;     -- I/O registers                        ; 0         ;
;                                             ;           ;
; I/O pins                                    ; 14        ;
;                                             ;           ;
; Embedded Multiplier 9-bit elements          ; 0         ;
;                                             ;           ;
; Maximum fan-out node                        ; CLK~input ;
; Maximum fan-out                             ; 34        ;
; Total fan-out                               ; 295       ;
; Average fan-out                             ; 2.59      ;
+---------------------------------------------+-----------+


+------------------------------------------------------------------------------------------------------------------------------------------------------------------------------------------------------------------------------------------------------------------+
; Analysis & Synthesis Resource Utilization by Entity                                                                                                                                                                                                              ;
+-------------------------------------+---------------------+---------------------------+-------------+--------------+---------+-----------+------+--------------+--------------------------------------------------------------+-------------------+--------------+
; Compilation Hierarchy Node          ; Combinational ALUTs ; Dedicated Logic Registers ; Memory Bits ; DSP Elements ; DSP 9x9 ; DSP 18x18 ; Pins ; Virtual Pins ; Full Hierarchy Name                                          ; Entity Name       ; Library Name ;
+-------------------------------------+---------------------+---------------------------+-------------+--------------+---------+-----------+------+--------------+--------------------------------------------------------------+-------------------+--------------+
; |sem_compara                        ; 52 (9)              ; 34 (4)                    ; 0           ; 0            ; 0       ; 0         ; 14   ; 0            ; |sem_compara                                                 ; sem_compara       ; work         ;
;    |sem_clocks:CONTADOR|            ; 43 (0)              ; 30 (0)                    ; 0           ; 0            ; 0       ; 0         ; 0    ; 0            ; |sem_compara|sem_clocks:CONTADOR                             ; sem_clocks        ; work         ;
;       |binary_counter_tc:DIVISOR|   ; 33 (33)             ; 24 (24)                   ; 0           ; 0            ; 0       ; 0         ; 0    ; 0            ; |sem_compara|sem_clocks:CONTADOR|binary_counter_tc:DIVISOR   ; binary_counter_tc ; work         ;
;       |binary_counter_tc:SEMAFOROS| ; 10 (10)             ; 6 (6)                     ; 0           ; 0            ; 0       ; 0         ; 0    ; 0            ; |sem_compara|sem_clocks:CONTADOR|binary_counter_tc:SEMAFOROS ; binary_counter_tc ; work         ;
+-------------------------------------+---------------------+---------------------------+-------------+--------------+---------+-----------+------+--------------+--------------------------------------------------------------+-------------------+--------------+
Note: For table entries with two numbers listed, the numbers in parentheses indicate the number of resources of the given type used by the specific entity alone. The numbers listed outside of parentheses indicate the total resources of the given type used by the specific entity and all of its sub-entities in the hierarchy.


+------------------------------------------------------+
; General Register Statistics                          ;
+----------------------------------------------+-------+
; Statistic                                    ; Value ;
+----------------------------------------------+-------+
; Total registers                              ; 34    ;
; Number of registers using Synchronous Clear  ; 30    ;
; Number of registers using Synchronous Load   ; 6     ;
; Number of registers using Asynchronous Clear ; 0     ;
; Number of registers using Asynchronous Load  ; 0     ;
; Number of registers using Clock Enable       ; 34    ;
; Number of registers using Preset             ; 0     ;
+----------------------------------------------+-------+


+---------------------------------------------------------------------------------------------------------------------------------------------------------------------------------+
; Multiplexer Restructuring Statistics (Restructuring Performed)                                                                                                                  ;
+--------------------+-----------+---------------+----------------------+------------------------+------------+-------------------------------------------------------------------+
; Multiplexer Inputs ; Bus Width ; Baseline Area ; Area if Restructured ; Saving if Restructured ; Registered ; Example Multiplexer Output                                        ;
+--------------------+-----------+---------------+----------------------+------------------------+------------+-------------------------------------------------------------------+
; 3:1                ; 2 bits    ; 4 LEs         ; 2 LEs                ; 2 LEs                  ; Yes        ; |sem_compara|Rpedes~reg0                                          ;
; 4:1                ; 24 bits   ; 48 LEs        ; 24 LEs               ; 24 LEs                 ; Yes        ; |sem_compara|sem_clocks:CONTADOR|binary_counter_tc:DIVISOR|Q[14]  ;
; 4:1                ; 2 bits    ; 4 LEs         ; 4 LEs                ; 0 LEs                  ; Yes        ; |sem_compara|Rcars~reg0                                           ;
; 5:1                ; 6 bits    ; 18 LEs        ; 12 LEs               ; 6 LEs                  ; Yes        ; |sem_compara|sem_clocks:CONTADOR|binary_counter_tc:SEMAFOROS|Q[0] ;
+--------------------+-----------+---------------+----------------------+------------------------+------------+-------------------------------------------------------------------+


+--------------------------------------------------------------------------------------------+
; Parameter Settings for User Entity Instance: sem_clocks:CONTADOR|binary_counter_tc:DIVISOR ;
+----------------+----------+----------------------------------------------------------------+
; Parameter Name ; Value    ; Type                                                           ;
+----------------+----------+----------------------------------------------------------------+
; MODULE         ; 12500000 ; Signed Integer                                                 ;
; WIDTH          ; 24       ; Signed Integer                                                 ;
+----------------+----------+----------------------------------------------------------------+
Note: In order to hide this table in the UI and the text report file, please set the "Show Parameter Settings in Synthesis Report" option in "Analysis and Synthesis Settings -> More Settings" to "Off".


+----------------------------------------------------------------------------------------------+
; Parameter Settings for User Entity Instance: sem_clocks:CONTADOR|binary_counter_tc:SEMAFOROS ;
+----------------+-------+---------------------------------------------------------------------+
; Parameter Name ; Value ; Type                                                                ;
+----------------+-------+---------------------------------------------------------------------+
; MODULE         ; 55    ; Signed Integer                                                      ;
; WIDTH          ; 6     ; Signed Integer                                                      ;
+----------------+-------+---------------------------------------------------------------------+
Note: In order to hide this table in the UI and the text report file, please set the "Show Parameter Settings in Synthesis Report" option in "Analysis and Synthesis Settings -> More Settings" to "Off".


+--------------------------------------------------------------------------------------------------------------------------------------------------------------------------------------------------------------------+
; Port Connectivity Checks: "sem_clocks:CONTADOR|binary_counter_tc:DIVISOR"                                                                                                                                          ;
+-----------+--------+----------+------------------------------------------------------------------------------------------------------------------------------------------------------------------------------------+
; Port      ; Type   ; Severity ; Details                                                                                                                                                                            ;
+-----------+--------+----------+------------------------------------------------------------------------------------------------------------------------------------------------------------------------------------+
; Q         ; Output ; Info     ; Explicitly unconnected                                                                                                                                                             ;
; LOADn     ; Input  ; Warning  ; Input port expression (32 bits) is wider than the input port (1 bits) it drives.  The 31 most-significant bit(s) in the expression will be dangling if they have no other fanouts. ;
; LOADn[-1] ; Input  ; Info     ; Stuck at VCC                                                                                                                                                                       ;
; P         ; Input  ; Info     ; Explicitly unconnected                                                                                                                                                             ;
+-----------+--------+----------+------------------------------------------------------------------------------------------------------------------------------------------------------------------------------------+


+-----------------------------------------------------+
; Post-Synthesis Netlist Statistics for Top Partition ;
+-----------------------+-----------------------------+
; Type                  ; Count                       ;
+-----------------------+-----------------------------+
; boundary_port         ; 14                          ;
; cycloneiii_ff         ; 34                          ;
;     ENA               ; 4                           ;
;     ENA SCLR          ; 24                          ;
;     ENA SCLR SLD      ; 6                           ;
; cycloneiii_lcell_comb ; 52                          ;
;     arith             ; 28                          ;
;         2 data inputs ; 28                          ;
;     normal            ; 24                          ;
;         1 data inputs ; 4                           ;
;         2 data inputs ; 1                           ;
;         3 data inputs ; 5                           ;
;         4 data inputs ; 14                          ;
;                       ;                             ;
; Max LUT depth         ; 5.00                        ;
; Average LUT depth     ; 3.00                        ;
+-----------------------+-----------------------------+


+-------------------------------+
; Elapsed Time Per Partition    ;
+----------------+--------------+
; Partition Name ; Elapsed Time ;
+----------------+--------------+
; Top            ; 00:00:00     ;
+----------------+--------------+


+-------------------------------+
; Analysis & Synthesis Messages ;
+-------------------------------+
Info: *******************************************************************
Info: Running Quartus Prime Analysis & Synthesis
    Info: Version 17.1.1 Internal Build 593 12/11/2017 SJ Standard Edition
    Info: Processing started: Mon Dec 13 19:45:45 2021
Info: Command: quartus_map --read_settings_files=on --write_settings_files=off MoraGras_VillenaJimenez_FSD_E2E3 -c MoraGras_VillenaJimenez_FSD_E2E3
Warning (18236): Number of processors has not been specified which may cause overloading on shared machines.  Set the global assignment NUM_PARALLEL_PROCESSORS in your QSF to an appropriate value for best performance.
Info (20030): Parallel compilation is enabled and will use 6 of the 6 processors detected
Warning (10275): Verilog HDL Module Instantiation warning at sem_clocks.v(58): ignored dangling comma in List of Port Connections File: C:/Users/amorgra/OneDrive - UPV/2-A/FSD/Entregables/FSD_E23/sem_clocks.v Line: 58
Info (12021): Found 1 design units, including 1 entities, in source file sem_clocks.v
    Info (12023): Found entity 1: sem_clocks File: C:/Users/amorgra/OneDrive - UPV/2-A/FSD/Entregables/FSD_E23/sem_clocks.v Line: 1
Info (12021): Found 1 design units, including 1 entities, in source file binary_counter_tc.v
    Info (12023): Found entity 1: binary_counter_tc File: C:/Users/amorgra/OneDrive - UPV/2-A/FSD/Entregables/FSD_E23/binary_counter_tc.v Line: 2
Info (12021): Found 1 design units, including 1 entities, in source file sem_compara.v
    Info (12023): Found entity 1: sem_compara File: C:/Users/amorgra/OneDrive - UPV/2-A/FSD/Entregables/FSD_E23/sem_compara.v Line: 1
Info (12127): Elaborating entity "sem_compara" for the top level hierarchy
Info (12128): Elaborating entity "sem_clocks" for hierarchy "sem_clocks:CONTADOR" File: C:/Users/amorgra/OneDrive - UPV/2-A/FSD/Entregables/FSD_E23/sem_compara.v Line: 39
Info (12128): Elaborating entity "binary_counter_tc" for hierarchy "sem_clocks:CONTADOR|binary_counter_tc:DIVISOR" File: C:/Users/amorgra/OneDrive - UPV/2-A/FSD/Entregables/FSD_E23/sem_clocks.v Line: 41
Warning (10230): Verilog HDL assignment warning at binary_counter_tc.v(30): truncated value with size 32 to match size of target (24) File: C:/Users/amorgra/OneDrive - UPV/2-A/FSD/Entregables/FSD_E23/binary_counter_tc.v Line: 30
Warning (10230): Verilog HDL assignment warning at binary_counter_tc.v(34): truncated value with size 32 to match size of target (1) File: C:/Users/amorgra/OneDrive - UPV/2-A/FSD/Entregables/FSD_E23/binary_counter_tc.v Line: 34
Info (12128): Elaborating entity "binary_counter_tc" for hierarchy "sem_clocks:CONTADOR|binary_counter_tc:SEMAFOROS" File: C:/Users/amorgra/OneDrive - UPV/2-A/FSD/Entregables/FSD_E23/sem_clocks.v Line: 58
Warning (10230): Verilog HDL assignment warning at binary_counter_tc.v(30): truncated value with size 32 to match size of target (6) File: C:/Users/amorgra/OneDrive - UPV/2-A/FSD/Entregables/FSD_E23/binary_counter_tc.v Line: 30
Warning (10230): Verilog HDL assignment warning at binary_counter_tc.v(34): truncated value with size 32 to match size of target (1) File: C:/Users/amorgra/OneDrive - UPV/2-A/FSD/Entregables/FSD_E23/binary_counter_tc.v Line: 34
Warning (12241): 1 hierarchies have connectivity warnings - see the Connectivity Checks report folder
Info (286030): Timing-Driven Synthesis is running
Info (16010): Generating hard_block partition "hard_block:auto_generated_inst"
    Info (16011): Adding 0 node(s), including 0 DDIO, 0 PLL, 0 transceiver and 0 LCELL
Info (21057): Implemented 67 device resources after synthesis - the final resource count might be different
    Info (21058): Implemented 10 input pins
    Info (21059): Implemented 4 output pins
    Info (21061): Implemented 53 logic cells
Info: Quartus Prime Analysis & Synthesis was successful. 0 errors, 7 warnings
    Info: Peak virtual memory: 4788 megabytes
    Info: Processing ended: Mon Dec 13 19:45:54 2021
    Info: Elapsed time: 00:00:09
    Info: Total CPU time (on all processors): 00:00:18


